2020-10-17T14:52:53+00:00 CRITICAL Uncaught Error: Call to undefined function bdump() in /Applications/MAMP/htdocs/veganease/wp-content/plugins/acf-for-woocommerce/includes/locations/single/class-acf-woocommerce-base-single-location.php:31
Stack trace:
#0 /Applications/MAMP/htdocs/veganease/wp-includes/class-wp-hook.php(289): ACF_Woo_Base_Single_Location->{closure}(Array, 74, 0)
#1 /Applications/MAMP/htdocs/veganease/wp-includes/plugin.php(206): WP_Hook->apply_filters(Array, Array)
#2 /Applications/MAMP/htdocs/veganease/wp-content/plugins/woocommerce/includes/class-wc-cart.php(1026): apply_filters('woocommerce_add...', Array, 74, 0, 1)
#3 /Applications/MAMP/htdocs/veganease/wp-content/plugins/woocommerce/includes/class-wc-form-handler.php(806): WC_Cart->add_to_cart(74, 1)
#4 /Applications/MAMP/htdocs/veganease/wp-content/plugins/woocommerce/includes/class-wc-form-handler.php(778): WC_Form_Handler::add_to_cart_handler_simple(74)
#5 /Applications/MAMP/htdocs/veganease/wp-includes/class-wp-hook.php(287): WC_Form_Handler::add_to_cart_action('')
#6 in /Applications/MAMP/htdocs/veganease/wp-content/plugins/acf-for-woocommerce/includes/locations/single/class-acf-woocommerce-base-single-location.php on line 31

2020-10-17T14:53:27+00:00 CRITICAL Uncaught Error: Call to undefined function bdump() in /Applications/MAMP/htdocs/veganease/wp-content/plugins/acf-for-woocommerce/includes/locations/single/class-acf-woocommerce-base-single-location.php:31
Stack trace:
#0 /Applications/MAMP/htdocs/veganease/wp-includes/class-wp-hook.php(289): ACF_Woo_Base_Single_Location->{closure}(Array, 74, 0)
#1 /Applications/MAMP/htdocs/veganease/wp-includes/plugin.php(206): WP_Hook->apply_filters(Array, Array)
#2 /Applications/MAMP/htdocs/veganease/wp-content/plugins/woocommerce/includes/class-wc-cart.php(1026): apply_filters('woocommerce_add...', Array, 74, 0, 1)
#3 /Applications/MAMP/htdocs/veganease/wp-content/plugins/woocommerce/includes/class-wc-form-handler.php(806): WC_Cart->add_to_cart(74, 1)
#4 /Applications/MAMP/htdocs/veganease/wp-content/plugins/woocommerce/includes/class-wc-form-handler.php(778): WC_Form_Handler::add_to_cart_handler_simple(74)
#5 /Applications/MAMP/htdocs/veganease/wp-includes/class-wp-hook.php(287): WC_Form_Handler::add_to_cart_action('')
#6 in /Applications/MAMP/htdocs/veganease/wp-content/plugins/acf-for-woocommerce/includes/locations/single/class-acf-woocommerce-base-single-location.php on line 31

2020-10-17T14:57:32+00:00 CRITICAL Uncaught Error: Call to undefined function bdump() in /Applications/MAMP/htdocs/veganease/wp-content/plugins/acf-for-woocommerce/includes/locations/single/class-acf-woocommerce-base-single-location.php:31
Stack trace:
#0 /Applications/MAMP/htdocs/veganease/wp-includes/class-wp-hook.php(289): ACF_Woo_Base_Single_Location->{closure}(Array, 74, 0)
#1 /Applications/MAMP/htdocs/veganease/wp-includes/plugin.php(206): WP_Hook->apply_filters(Array, Array)
#2 /Applications/MAMP/htdocs/veganease/wp-content/plugins/woocommerce/includes/class-wc-cart.php(1026): apply_filters('woocommerce_add...', Array, 74, 0, 1)
#3 /Applications/MAMP/htdocs/veganease/wp-content/plugins/woocommerce/includes/class-wc-form-handler.php(806): WC_Cart->add_to_cart(74, 1)
#4 /Applications/MAMP/htdocs/veganease/wp-content/plugins/woocommerce/includes/class-wc-form-handler.php(778): WC_Form_Handler::add_to_cart_handler_simple(74)
#5 /Applications/MAMP/htdocs/veganease/wp-includes/class-wp-hook.php(287): WC_Form_Handler::add_to_cart_action('')
#6 in /Applications/MAMP/htdocs/veganease/wp-content/plugins/acf-for-woocommerce/includes/locations/single/class-acf-woocommerce-base-single-location.php on line 31

2020-10-17T15:54:48+00:00 CRITICAL Uncaught Error: Call to a member function is_type() on null in /Applications/MAMP/htdocs/veganease/wp-content/plugins/woocommerce/includes/wc-template-functions.php:3593
Stack trace:
#0 /Applications/MAMP/htdocs/veganease/wp-content/themes/veganease/woocommerce/cart/cart.php(40): wc_get_formatted_cart_item_data(NULL)
#1 /Applications/MAMP/htdocs/veganease/wp-content/plugins/woocommerce/includes/wc-core-functions.php(344): include('/Applications/M...')
#2 /Applications/MAMP/htdocs/veganease/wp-content/plugins/woocommerce/includes/shortcodes/class-wc-shortcode-cart.php(99): wc_get_template('cart/cart.php')
#3 /Applications/MAMP/htdocs/veganease/wp-content/plugins/woocommerce/includes/class-wc-shortcodes.php(72): WC_Shortcode_Cart::output(Array)
#4 /Applications/MAMP/htdocs/veganease/wp-content/plugins/woocommerce/includes/class-wc-shortcodes.php(85): WC_Shortcodes::shortcode_wrapper(Array)
#5 /Applications/MAMP/htdocs/veganease/wp-includes/shortcodes.php(343): WC_Shortcodes::cart('', '', 'woocommerce_car...')
# in /Applications/MAMP/htdocs/veganease/wp-content/plugins/woocommerce/includes/wc-template-functions.php on line 3593

2020-10-17T16:03:01+00:00 CRITICAL Uncaught Error: Cannot use object of type WC_Product_Simple as array in /Applications/MAMP/htdocs/veganease/wp-content/plugins/woocommerce/includes/wc-template-functions.php:3593
Stack trace:
#0 /Applications/MAMP/htdocs/veganease/wp-content/themes/veganease/woocommerce/cart/cart.php(82): wc_get_formatted_cart_item_data(Object(WC_Product_Simple))
#1 /Applications/MAMP/htdocs/veganease/wp-content/plugins/woocommerce/includes/wc-core-functions.php(344): include('/Applications/M...')
#2 /Applications/MAMP/htdocs/veganease/wp-content/plugins/woocommerce/includes/shortcodes/class-wc-shortcode-cart.php(99): wc_get_template('cart/cart.php')
#3 /Applications/MAMP/htdocs/veganease/wp-content/plugins/woocommerce/includes/class-wc-shortcodes.php(72): WC_Shortcode_Cart::output(Array)
#4 /Applications/MAMP/htdocs/veganease/wp-content/plugins/woocommerce/includes/class-wc-shortcodes.php(85): WC_Shortcodes::shortcode_wrapper(Array)
#5 /Applications/MAMP/htdocs/veganease/wp-includes/shortcodes.php(343): WC_Shortcodes::cart(' in /Applications/MAMP/htdocs/veganease/wp-content/plugins/woocommerce/includes/wc-template-functions.php on line 3593

2020-10-17T16:34:57+00:00 CRITICAL Uncaught Error: Call to undefined function bdump() in /Applications/MAMP/htdocs/veganease/wp-content/plugins/acf-for-woocommerce/includes/locations/single/class-acf-woocommerce-base-single-location.php:31
Stack trace:
#0 /Applications/MAMP/htdocs/veganease/wp-includes/class-wp-hook.php(289): ACF_Woo_Base_Single_Location->{closure}(Array, 74, 0)
#1 /Applications/MAMP/htdocs/veganease/wp-includes/plugin.php(206): WP_Hook->apply_filters(Array, Array)
#2 /Applications/MAMP/htdocs/veganease/wp-content/plugins/woocommerce/includes/class-wc-cart.php(1026): apply_filters('woocommerce_add...', Array, 74, 0, 1)
#3 /Applications/MAMP/htdocs/veganease/wp-content/plugins/woocommerce/includes/class-wc-form-handler.php(806): WC_Cart->add_to_cart(74, 1)
#4 /Applications/MAMP/htdocs/veganease/wp-content/plugins/woocommerce/includes/class-wc-form-handler.php(778): WC_Form_Handler::add_to_cart_handler_simple(74)
#5 /Applications/MAMP/htdocs/veganease/wp-includes/class-wp-hook.php(287): WC_Form_Handler::add_to_cart_action('')
#6 in /Applications/MAMP/htdocs/veganease/wp-content/plugins/acf-for-woocommerce/includes/locations/single/class-acf-woocommerce-base-single-location.php on line 31

2020-10-17T22:08:45+00:00 CRITICAL syntax error, unexpected end of file in /Applications/MAMP/htdocs/veganease/wp-content/themes/veganease/functions.php on line 279

2020-10-17T22:36:56+00:00 CRITICAL syntax error, unexpected '<', expecting end of file in /Applications/MAMP/htdocs/veganease/wp-content/themes/veganease/functions.php on line 288

2020-10-17T22:37:19+00:00 CRITICAL syntax error, unexpected '<', expecting end of file in /Applications/MAMP/htdocs/veganease/wp-content/themes/veganease/functions.php on line 288

2020-10-17T22:38:14+00:00 CRITICAL syntax error, unexpected '<', expecting end of file in /Applications/MAMP/htdocs/veganease/wp-content/themes/veganease/functions.php on line 288

