2020-10-29T03:32:29+00:00 CRITICAL syntax error, unexpected '<', expecting end of file in /Applications/MAMP/htdocs/veganease/wp-content/themes/veganease/tag.php on line 36

2020-10-29T03:33:50+00:00 CRITICAL Uncaught Error: Call to undefined function twentytwelve_content_nav() in /Applications/MAMP/htdocs/veganease/wp-content/themes/veganease/tag.php:43
Stack trace:
#0 /Applications/MAMP/htdocs/veganease/wp-includes/template-loader.php(106): include()
#1 /Applications/MAMP/htdocs/veganease/wp-blog-header.php(19): require_once('/Applications/M...')
#2 /Applications/MAMP/htdocs/veganease/index.php(17): require('/Applications/M...')
#3 {main}
  thrown in /Applications/MAMP/htdocs/veganease/wp-content/themes/veganease/tag.php on line 43

2020-10-29T03:34:18+00:00 CRITICAL Uncaught Error: Call to undefined function twentytwelve_content_nav() in /Applications/MAMP/htdocs/veganease/wp-content/themes/veganease/tag.php:41
Stack trace:
#0 /Applications/MAMP/htdocs/veganease/wp-includes/template-loader.php(106): include()
#1 /Applications/MAMP/htdocs/veganease/wp-blog-header.php(19): require_once('/Applications/M...')
#2 /Applications/MAMP/htdocs/veganease/index.php(17): require('/Applications/M...')
#3 {main}
  thrown in /Applications/MAMP/htdocs/veganease/wp-content/themes/veganease/tag.php on line 41

2020-10-29T03:37:02+00:00 CRITICAL Uncaught Error: Call to undefined function twentytwelve_content_nav() in /Applications/MAMP/htdocs/veganease/wp-content/themes/veganease/tag.php:38
Stack trace:
#0 /Applications/MAMP/htdocs/veganease/wp-includes/template-loader.php(106): include()
#1 /Applications/MAMP/htdocs/veganease/wp-blog-header.php(19): require_once('/Applications/M...')
#2 /Applications/MAMP/htdocs/veganease/index.php(17): require('/Applications/M...')
#3 {main}
  thrown in /Applications/MAMP/htdocs/veganease/wp-content/themes/veganease/tag.php on line 38

2020-10-29T03:37:29+00:00 CRITICAL Uncaught Error: Call to undefined function twentytwelve_content_nav() in /Applications/MAMP/htdocs/veganease/wp-content/themes/veganease/tag.php:39
Stack trace:
#0 /Applications/MAMP/htdocs/veganease/wp-includes/template-loader.php(106): include()
#1 /Applications/MAMP/htdocs/veganease/wp-blog-header.php(19): require_once('/Applications/M...')
#2 /Applications/MAMP/htdocs/veganease/index.php(17): require('/Applications/M...')
#3 {main}
  thrown in /Applications/MAMP/htdocs/veganease/wp-content/themes/veganease/tag.php on line 39

2020-10-29T03:38:00+00:00 CRITICAL Uncaught Error: Call to undefined function twentytwelve_content_nav() in /Applications/MAMP/htdocs/veganease/wp-content/themes/veganease/tag.php:39
Stack trace:
#0 /Applications/MAMP/htdocs/veganease/wp-includes/template-loader.php(106): include()
#1 /Applications/MAMP/htdocs/veganease/wp-blog-header.php(19): require_once('/Applications/M...')
#2 /Applications/MAMP/htdocs/veganease/index.php(17): require('/Applications/M...')
#3 {main}
  thrown in /Applications/MAMP/htdocs/veganease/wp-content/themes/veganease/tag.php on line 39

2020-10-29T03:41:24+00:00 CRITICAL Uncaught Error: Call to undefined function twentytwelve_content_nav() in /Applications/MAMP/htdocs/veganease/wp-content/themes/veganease/tag.php:45
Stack trace:
#0 /Applications/MAMP/htdocs/veganease/wp-includes/template-loader.php(106): include()
#1 /Applications/MAMP/htdocs/veganease/wp-blog-header.php(19): require_once('/Applications/M...')
#2 /Applications/MAMP/htdocs/veganease/index.php(17): require('/Applications/M...')
#3 {main}
  thrown in /Applications/MAMP/htdocs/veganease/wp-content/themes/veganease/tag.php on line 45

2020-10-29T03:48:42+00:00 CRITICAL Uncaught Error: Call to undefined function twentytwelve_content_nav() in /Applications/MAMP/htdocs/veganease/wp-content/themes/veganease/tag.php:42
Stack trace:
#0 /Applications/MAMP/htdocs/veganease/wp-includes/template-loader.php(106): include()
#1 /Applications/MAMP/htdocs/veganease/wp-blog-header.php(19): require_once('/Applications/M...')
#2 /Applications/MAMP/htdocs/veganease/index.php(17): require('/Applications/M...')
#3 {main}
  thrown in /Applications/MAMP/htdocs/veganease/wp-content/themes/veganease/tag.php on line 42

2020-10-29T03:55:38+00:00 CRITICAL Uncaught Error: Call to undefined function twentytwelve_content_nav() in /Applications/MAMP/htdocs/veganease/wp-content/themes/veganease/tag.php:42
Stack trace:
#0 /Applications/MAMP/htdocs/veganease/wp-includes/template-loader.php(106): include()
#1 /Applications/MAMP/htdocs/veganease/wp-blog-header.php(19): require_once('/Applications/M...')
#2 /Applications/MAMP/htdocs/veganease/index.php(17): require('/Applications/M...')
#3 {main}
  thrown in /Applications/MAMP/htdocs/veganease/wp-content/themes/veganease/tag.php on line 42

2020-10-29T03:55:48+00:00 CRITICAL Uncaught Error: Call to undefined function twentytwelve_content_nav() in /Applications/MAMP/htdocs/veganease/wp-content/themes/veganease/tag.php:38
Stack trace:
#0 /Applications/MAMP/htdocs/veganease/wp-includes/template-loader.php(106): include()
#1 /Applications/MAMP/htdocs/veganease/wp-blog-header.php(19): require_once('/Applications/M...')
#2 /Applications/MAMP/htdocs/veganease/index.php(17): require('/Applications/M...')
#3 {main}
  thrown in /Applications/MAMP/htdocs/veganease/wp-content/themes/veganease/tag.php on line 38

2020-10-29T03:56:05+00:00 CRITICAL Uncaught Error: Call to undefined function twentytwelve_content_nav() in /Applications/MAMP/htdocs/veganease/wp-content/themes/veganease/tag.php:38
Stack trace:
#0 /Applications/MAMP/htdocs/veganease/wp-includes/template-loader.php(106): include()
#1 /Applications/MAMP/htdocs/veganease/wp-blog-header.php(19): require_once('/Applications/M...')
#2 /Applications/MAMP/htdocs/veganease/index.php(17): require('/Applications/M...')
#3 {main}
  thrown in /Applications/MAMP/htdocs/veganease/wp-content/themes/veganease/tag.php on line 38

2020-10-29T04:01:52+00:00 CRITICAL Uncaught Error: Call to undefined function twentytwelve_content_nav() in /Applications/MAMP/htdocs/veganease/wp-content/themes/veganease/tag.php:38
Stack trace:
#0 /Applications/MAMP/htdocs/veganease/wp-includes/template-loader.php(106): include()
#1 /Applications/MAMP/htdocs/veganease/wp-blog-header.php(19): require_once('/Applications/M...')
#2 /Applications/MAMP/htdocs/veganease/index.php(17): require('/Applications/M...')
#3 {main}
  thrown in /Applications/MAMP/htdocs/veganease/wp-content/themes/veganease/tag.php on line 38

2020-10-29T04:02:10+00:00 CRITICAL Uncaught Error: Call to undefined function twentytwelve_content_nav() in /Applications/MAMP/htdocs/veganease/wp-content/themes/veganease/tag.php:38
Stack trace:
#0 /Applications/MAMP/htdocs/veganease/wp-includes/template-loader.php(106): include()
#1 /Applications/MAMP/htdocs/veganease/wp-blog-header.php(19): require_once('/Applications/M...')
#2 /Applications/MAMP/htdocs/veganease/index.php(17): require('/Applications/M...')
#3 {main}
  thrown in /Applications/MAMP/htdocs/veganease/wp-content/themes/veganease/tag.php on line 38

2020-10-29T04:03:26+00:00 CRITICAL Uncaught Error: Call to undefined function twentytwelve_content_nav() in /Applications/MAMP/htdocs/veganease/wp-content/themes/veganease/tag.php:38
Stack trace:
#0 /Applications/MAMP/htdocs/veganease/wp-includes/template-loader.php(106): include()
#1 /Applications/MAMP/htdocs/veganease/wp-blog-header.php(19): require_once('/Applications/M...')
#2 /Applications/MAMP/htdocs/veganease/index.php(17): require('/Applications/M...')
#3 {main}
  thrown in /Applications/MAMP/htdocs/veganease/wp-content/themes/veganease/tag.php on line 38

2020-10-29T04:05:22+00:00 CRITICAL Uncaught Error: Call to undefined function twentytwelve_content_nav() in /Applications/MAMP/htdocs/veganease/wp-content/themes/veganease/tag.php:38
Stack trace:
#0 /Applications/MAMP/htdocs/veganease/wp-includes/template-loader.php(106): include()
#1 /Applications/MAMP/htdocs/veganease/wp-blog-header.php(19): require_once('/Applications/M...')
#2 /Applications/MAMP/htdocs/veganease/index.php(17): require('/Applications/M...')
#3 {main}
  thrown in /Applications/MAMP/htdocs/veganease/wp-content/themes/veganease/tag.php on line 38

2020-10-29T04:06:23+00:00 CRITICAL Uncaught Error: Call to undefined function twentytwelve_content_nav() in /Applications/MAMP/htdocs/veganease/wp-content/themes/veganease/tag.php:40
Stack trace:
#0 /Applications/MAMP/htdocs/veganease/wp-includes/template-loader.php(106): include()
#1 /Applications/MAMP/htdocs/veganease/wp-blog-header.php(19): require_once('/Applications/M...')
#2 /Applications/MAMP/htdocs/veganease/index.php(17): require('/Applications/M...')
#3 {main}
  thrown in /Applications/MAMP/htdocs/veganease/wp-content/themes/veganease/tag.php on line 40

2020-10-29T04:07:52+00:00 CRITICAL Uncaught Error: Call to undefined function twentytwelve_content_nav() in /Applications/MAMP/htdocs/veganease/wp-content/themes/veganease/tag.php:39
Stack trace:
#0 /Applications/MAMP/htdocs/veganease/wp-includes/template-loader.php(106): include()
#1 /Applications/MAMP/htdocs/veganease/wp-blog-header.php(19): require_once('/Applications/M...')
#2 /Applications/MAMP/htdocs/veganease/index.php(17): require('/Applications/M...')
#3 {main}
  thrown in /Applications/MAMP/htdocs/veganease/wp-content/themes/veganease/tag.php on line 39

2020-10-29T04:09:26+00:00 CRITICAL Uncaught Error: Call to undefined function twentytwelve_content_nav() in /Applications/MAMP/htdocs/veganease/wp-content/themes/veganease/tag.php:39
Stack trace:
#0 /Applications/MAMP/htdocs/veganease/wp-includes/template-loader.php(106): include()
#1 /Applications/MAMP/htdocs/veganease/wp-blog-header.php(19): require_once('/Applications/M...')
#2 /Applications/MAMP/htdocs/veganease/index.php(17): require('/Applications/M...')
#3 {main}
  thrown in /Applications/MAMP/htdocs/veganease/wp-content/themes/veganease/tag.php on line 39

2020-10-29T04:09:52+00:00 CRITICAL Uncaught Error: Call to undefined function twentytwelve_content_nav() in /Applications/MAMP/htdocs/veganease/wp-content/themes/veganease/tag.php:39
Stack trace:
#0 /Applications/MAMP/htdocs/veganease/wp-includes/template-loader.php(106): include()
#1 /Applications/MAMP/htdocs/veganease/wp-blog-header.php(19): require_once('/Applications/M...')
#2 /Applications/MAMP/htdocs/veganease/index.php(17): require('/Applications/M...')
#3 {main}
  thrown in /Applications/MAMP/htdocs/veganease/wp-content/themes/veganease/tag.php on line 39

2020-10-29T04:10:27+00:00 CRITICAL syntax error, unexpected end of file, expecting elseif (T_ELSEIF) or else (T_ELSE) or endif (T_ENDIF) in /Applications/MAMP/htdocs/veganease/wp-content/themes/veganease/tag.php on line 46

2020-10-29T04:10:42+00:00 CRITICAL Uncaught Error: Call to undefined function twentytwelve_content_nav() in /Applications/MAMP/htdocs/veganease/wp-content/themes/veganease/tag.php:37
Stack trace:
#0 /Applications/MAMP/htdocs/veganease/wp-includes/template-loader.php(106): include()
#1 /Applications/MAMP/htdocs/veganease/wp-blog-header.php(19): require_once('/Applications/M...')
#2 /Applications/MAMP/htdocs/veganease/index.php(17): require('/Applications/M...')
#3 {main}
  thrown in /Applications/MAMP/htdocs/veganease/wp-content/themes/veganease/tag.php on line 37

2020-10-29T04:15:13+00:00 CRITICAL Uncaught Error: Call to undefined function twentytwelve_content_nav() in /Applications/MAMP/htdocs/veganease/wp-content/themes/veganease/tag.php:37
Stack trace:
#0 /Applications/MAMP/htdocs/veganease/wp-includes/template-loader.php(106): include()
#1 /Applications/MAMP/htdocs/veganease/wp-blog-header.php(19): require_once('/Applications/M...')
#2 /Applications/MAMP/htdocs/veganease/index.php(17): require('/Applications/M...')
#3 {main}
  thrown in /Applications/MAMP/htdocs/veganease/wp-content/themes/veganease/tag.php on line 37

2020-10-29T04:15:56+00:00 CRITICAL Uncaught Error: Call to undefined function twentytwelve_content_nav() in /Applications/MAMP/htdocs/veganease/wp-content/themes/veganease/tag.php:37
Stack trace:
#0 /Applications/MAMP/htdocs/veganease/wp-includes/template-loader.php(106): include()
#1 /Applications/MAMP/htdocs/veganease/wp-blog-header.php(19): require_once('/Applications/M...')
#2 /Applications/MAMP/htdocs/veganease/index.php(17): require('/Applications/M...')
#3 {main}
  thrown in /Applications/MAMP/htdocs/veganease/wp-content/themes/veganease/tag.php on line 37

2020-10-29T04:17:13+00:00 CRITICAL Uncaught Error: Call to undefined function twentytwelve_content_nav() in /Applications/MAMP/htdocs/veganease/wp-content/themes/veganease/tag.php:37
Stack trace:
#0 /Applications/MAMP/htdocs/veganease/wp-includes/template-loader.php(106): include()
#1 /Applications/MAMP/htdocs/veganease/wp-blog-header.php(19): require_once('/Applications/M...')
#2 /Applications/MAMP/htdocs/veganease/index.php(17): require('/Applications/M...')
#3 {main}
  thrown in /Applications/MAMP/htdocs/veganease/wp-content/themes/veganease/tag.php on line 37

2020-10-29T04:19:04+00:00 CRITICAL Uncaught Error: Call to undefined function twentytwelve_content_nav() in /Applications/MAMP/htdocs/veganease/wp-content/themes/veganease/tag.php:39
Stack trace:
#0 /Applications/MAMP/htdocs/veganease/wp-includes/template-loader.php(106): include()
#1 /Applications/MAMP/htdocs/veganease/wp-blog-header.php(19): require_once('/Applications/M...')
#2 /Applications/MAMP/htdocs/veganease/index.php(17): require('/Applications/M...')
#3 {main}
  thrown in /Applications/MAMP/htdocs/veganease/wp-content/themes/veganease/tag.php on line 39

2020-10-29T04:20:15+00:00 CRITICAL Uncaught Error: Call to undefined function twentytwelve_content_nav() in /Applications/MAMP/htdocs/veganease/wp-content/themes/veganease/tag.php:39
Stack trace:
#0 /Applications/MAMP/htdocs/veganease/wp-includes/template-loader.php(106): include()
#1 /Applications/MAMP/htdocs/veganease/wp-blog-header.php(19): require_once('/Applications/M...')
#2 /Applications/MAMP/htdocs/veganease/index.php(17): require('/Applications/M...')
#3 {main}
  thrown in /Applications/MAMP/htdocs/veganease/wp-content/themes/veganease/tag.php on line 39

