2020-10-30T16:54:10+00:00 CRITICAL Uncaught Error: Call to undefined function twentytwelve_content_nav() in /Applications/MAMP/htdocs/veganease/wp-content/themes/veganease/tag.php:39
Stack trace:
#0 /Applications/MAMP/htdocs/veganease/wp-includes/template-loader.php(106): include()
#1 /Applications/MAMP/htdocs/veganease/wp-blog-header.php(19): require_once('/Applications/M...')
#2 /Applications/MAMP/htdocs/veganease/index.php(17): require('/Applications/M...')
#3 {main}
  thrown in /Applications/MAMP/htdocs/veganease/wp-content/themes/veganease/tag.php on line 39

2020-10-30T17:48:53+00:00 CRITICAL Uncaught Error: Call to undefined function twentytwelve_content_nav() in /Applications/MAMP/htdocs/veganease/wp-content/themes/veganease/tag.php:39
Stack trace:
#0 /Applications/MAMP/htdocs/veganease/wp-includes/template-loader.php(106): include()
#1 /Applications/MAMP/htdocs/veganease/wp-blog-header.php(19): require_once('/Applications/M...')
#2 /Applications/MAMP/htdocs/veganease/index.php(17): require('/Applications/M...')
#3 {main}
  thrown in /Applications/MAMP/htdocs/veganease/wp-content/themes/veganease/tag.php on line 39

2020-10-30T17:57:49+00:00 CRITICAL Uncaught Error: Call to undefined function twentytwelve_content_nav() in /Applications/MAMP/htdocs/veganease/wp-content/themes/veganease/tag.php:39
Stack trace:
#0 /Applications/MAMP/htdocs/veganease/wp-includes/template-loader.php(106): include()
#1 /Applications/MAMP/htdocs/veganease/wp-blog-header.php(19): require_once('/Applications/M...')
#2 /Applications/MAMP/htdocs/veganease/index.php(17): require('/Applications/M...')
#3 {main}
  thrown in /Applications/MAMP/htdocs/veganease/wp-content/themes/veganease/tag.php on line 39

2020-10-30T18:10:44+00:00 CRITICAL Uncaught Error: Call to undefined function twentytwelve_content_nav() in /Applications/MAMP/htdocs/veganease/wp-content/themes/veganease/tag.php:39
Stack trace:
#0 /Applications/MAMP/htdocs/veganease/wp-includes/template-loader.php(106): include()
#1 /Applications/MAMP/htdocs/veganease/wp-blog-header.php(19): require_once('/Applications/M...')
#2 /Applications/MAMP/htdocs/veganease/index.php(17): require('/Applications/M...')
#3 {main}
  thrown in /Applications/MAMP/htdocs/veganease/wp-content/themes/veganease/tag.php on line 39

2020-10-30T18:12:12+00:00 CRITICAL Uncaught Error: Call to undefined function twentytwelve_content_nav() in /Applications/MAMP/htdocs/veganease/wp-content/themes/veganease/tag.php:39
Stack trace:
#0 /Applications/MAMP/htdocs/veganease/wp-includes/template-loader.php(106): include()
#1 /Applications/MAMP/htdocs/veganease/wp-blog-header.php(19): require_once('/Applications/M...')
#2 /Applications/MAMP/htdocs/veganease/index.php(17): require('/Applications/M...')
#3 {main}
  thrown in /Applications/MAMP/htdocs/veganease/wp-content/themes/veganease/tag.php on line 39

2020-10-30T18:12:42+00:00 CRITICAL Uncaught Error: Call to undefined function twentytwelve_content_nav() in /Applications/MAMP/htdocs/veganease/wp-content/themes/veganease/tag.php:39
Stack trace:
#0 /Applications/MAMP/htdocs/veganease/wp-includes/template-loader.php(106): include()
#1 /Applications/MAMP/htdocs/veganease/wp-blog-header.php(19): require_once('/Applications/M...')
#2 /Applications/MAMP/htdocs/veganease/index.php(17): require('/Applications/M...')
#3 {main}
  thrown in /Applications/MAMP/htdocs/veganease/wp-content/themes/veganease/tag.php on line 39

2020-10-30T18:13:18+00:00 CRITICAL Uncaught Error: Call to undefined function twentytwelve_content_nav() in /Applications/MAMP/htdocs/veganease/wp-content/themes/veganease/tag.php:39
Stack trace:
#0 /Applications/MAMP/htdocs/veganease/wp-includes/template-loader.php(106): include()
#1 /Applications/MAMP/htdocs/veganease/wp-blog-header.php(19): require_once('/Applications/M...')
#2 /Applications/MAMP/htdocs/veganease/index.php(17): require('/Applications/M...')
#3 {main}
  thrown in /Applications/MAMP/htdocs/veganease/wp-content/themes/veganease/tag.php on line 39

2020-10-30T18:14:06+00:00 CRITICAL Uncaught Error: Call to undefined function twentytwelve_content_nav() in /Applications/MAMP/htdocs/veganease/wp-content/themes/veganease/tag.php:39
Stack trace:
#0 /Applications/MAMP/htdocs/veganease/wp-includes/template-loader.php(106): include()
#1 /Applications/MAMP/htdocs/veganease/wp-blog-header.php(19): require_once('/Applications/M...')
#2 /Applications/MAMP/htdocs/veganease/index.php(17): require('/Applications/M...')
#3 {main}
  thrown in /Applications/MAMP/htdocs/veganease/wp-content/themes/veganease/tag.php on line 39

2020-10-30T18:16:42+00:00 CRITICAL Uncaught Error: Call to undefined function twentytwelve_content_nav() in /Applications/MAMP/htdocs/veganease/wp-content/themes/veganease/tag.php:39
Stack trace:
#0 /Applications/MAMP/htdocs/veganease/wp-includes/template-loader.php(106): include()
#1 /Applications/MAMP/htdocs/veganease/wp-blog-header.php(19): require_once('/Applications/M...')
#2 /Applications/MAMP/htdocs/veganease/index.php(17): require('/Applications/M...')
#3 {main}
  thrown in /Applications/MAMP/htdocs/veganease/wp-content/themes/veganease/tag.php on line 39

